<?xml version="1.0" encoding="utf-8"?><testsuites name="pytest tests"><testsuite name="pytest" errors="0" failures="0" skipped="0" tests="6" time="1.179" timestamp="2026-06-14T11:43:58.713150+00:00" hostname="agent-env-e0b22ed6-4e38-40fa-ae67-23f73bc3f6e7"><testcase classname="backend.tests.test_waitlist.TestRoot" name="test_root_returns_oditr_status" time="0.192" /><testcase classname="backend.tests.test_waitlist.TestWaitlist" name="test_count_endpoint" time="0.144" /><testcase classname="backend.tests.test_waitlist.TestWaitlist" name="test_post_valid_email_creates_entry" time="0.226" /><testcase classname="backend.tests.test_waitlist.TestWaitlist" name="test_post_duplicate_does_not_create_new" time="0.138" /><testcase classname="backend.tests.test_waitlist.TestWaitlist" name="test_post_invalid_email_returns_422" time="0.169" /><testcase classname="backend.tests.test_waitlist.TestWaitlist" name="test_post_normalizes_email_to_lowercase" time="0.144" /></testsuite></testsuites>